<?xml version="1.0" encoding="UTF-8"?>
<testsuite xmlns:xsi="http://www.w3.org/2001/XMLSchema-instance" xsi:noNamespaceSchemaLocation="https://maven.apache.org/surefire/maven-surefire-plugin/xsd/surefire-test-report.xsd" name="com.xiaobai.classcommunication.ClasscommunicationApplicationTests" time="77.797" tests="5" errors="0" skipped="0" failures="0">
  <properties>
    <property name="sun.desktop" value="windows"/>
    <property name="awt.toolkit" value="sun.awt.windows.WToolkit"/>
    <property name="file.encoding.pkg" value="sun.io"/>
    <property name="java.specification.version" value="1.8"/>
    <property name="sun.cpu.isalist" value="amd64"/>
    <property name="sun.jnu.encoding" value="GBK"/>
    <property name="java.class.path" value="C:\Users\XiaoBai\Desktop\Web开发\classcommunication\ClassCommunication\target\test-classes;C:\Users\XiaoBai\Desktop\Web开发\classcommunication\ClassCommunication\target\classes;E:\moven\localRepository\org\springframework\boot\spring-boot-starter-data-elasticsearch\2.3.2.RELEASE\spring-boot-starter-data-elasticsearch-2.3.2.RELEASE.jar;E:\moven\localRepository\org\springframework\boot\spring-boot-starter\2.3.2.RELEASE\spring-boot-starter-2.3.2.RELEASE.jar;E:\moven\localRepository\org\springframework\boot\spring-boot\2.3.2.RELEASE\spring-boot-2.3.2.RELEASE.jar;E:\moven\localRepository\org\springframework\boot\spring-boot-autoconfigure\2.3.2.RELEASE\spring-boot-autoconfigure-2.3.2.RELEASE.jar;E:\moven\localRepository\org\springframework\boot\spring-boot-starter-logging\2.3.2.RELEASE\spring-boot-starter-logging-2.3.2.RELEASE.jar;E:\moven\localRepository\ch\qos\logback\logback-classic\1.2.3\logback-classic-1.2.3.jar;E:\moven\localRepository\ch\qos\logback\logback-core\1.2.3\logback-core-1.2.3.jar;E:\moven\localRepository\org\apache\logging\log4j\log4j-to-slf4j\2.13.3\log4j-to-slf4j-2.13.3.jar;E:\moven\localRepository\org\apache\logging\log4j\log4j-api\2.13.3\log4j-api-2.13.3.jar;E:\moven\localRepository\org\slf4j\jul-to-slf4j\1.7.30\jul-to-slf4j-1.7.30.jar;E:\moven\localRepository\jakarta\annotation\jakarta.annotation-api\1.3.5\jakarta.annotation-api-1.3.5.jar;E:\moven\localRepository\org\yaml\snakeyaml\1.26\snakeyaml-1.26.jar;E:\moven\localRepository\org\springframework\data\spring-data-elasticsearch\4.0.2.RELEASE\spring-data-elasticsearch-4.0.2.RELEASE.jar;E:\moven\localRepository\org\springframework\spring-context\5.2.8.RELEASE\spring-context-5.2.8.RELEASE.jar;E:\moven\localRepository\org\springframework\spring-tx\5.2.8.RELEASE\spring-tx-5.2.8.RELEASE.jar;E:\moven\localRepository\org\springframework\data\spring-data-commons\2.3.2.RELEASE\spring-data-commons-2.3.2.RELEASE.jar;E:\moven\localRepository\org\elasticsearch\plugin\transport-netty4-client\7.6.2\transport-netty4-client-7.6.2.jar;E:\moven\localRepository\io\netty\netty-buffer\4.1.51.Final\netty-buffer-4.1.51.Final.jar;E:\moven\localRepository\io\netty\netty-codec\4.1.51.Final\netty-codec-4.1.51.Final.jar;E:\moven\localRepository\io\netty\netty-codec-http\4.1.51.Final\netty-codec-http-4.1.51.Final.jar;E:\moven\localRepository\io\netty\netty-resolver\4.1.51.Final\netty-resolver-4.1.51.Final.jar;E:\moven\localRepository\org\elasticsearch\client\elasticsearch-rest-high-level-client\7.6.2\elasticsearch-rest-high-level-client-7.6.2.jar;E:\moven\localRepository\org\elasticsearch\elasticsearch\7.6.2\elasticsearch-7.6.2.jar;E:\moven\localRepository\org\elasticsearch\elasticsearch-core\7.6.2\elasticsearch-core-7.6.2.jar;E:\moven\localRepository\org\elasticsearch\elasticsearch-secure-sm\7.6.2\elasticsearch-secure-sm-7.6.2.jar;E:\moven\localRepository\org\elasticsearch\elasticsearch-x-content\7.6.2\elasticsearch-x-content-7.6.2.jar;E:\moven\localRepository\com\fasterxml\jackson\dataformat\jackson-dataformat-smile\2.11.1\jackson-dataformat-smile-2.11.1.jar;E:\moven\localRepository\com\fasterxml\jackson\dataformat\jackson-dataformat-yaml\2.11.1\jackson-dataformat-yaml-2.11.1.jar;E:\moven\localRepository\com\fasterxml\jackson\dataformat\jackson-dataformat-cbor\2.11.1\jackson-dataformat-cbor-2.11.1.jar;E:\moven\localRepository\org\elasticsearch\elasticsearch-geo\7.6.2\elasticsearch-geo-7.6.2.jar;E:\moven\localRepository\org\apache\lucene\lucene-core\8.4.0\lucene-core-8.4.0.jar;E:\moven\localRepository\org\apache\lucene\lucene-analyzers-common\8.4.0\lucene-analyzers-common-8.4.0.jar;E:\moven\localRepository\org\apache\lucene\lucene-backward-codecs\8.4.0\lucene-backward-codecs-8.4.0.jar;E:\moven\localRepository\org\apache\lucene\lucene-grouping\8.4.0\lucene-grouping-8.4.0.jar;E:\moven\localRepository\org\apache\lucene\lucene-highlighter\8.4.0\lucene-highlighter-8.4.0.jar;E:\moven\localRepository\org\apache\lucene\lucene-join\8.4.0\lucene-join-8.4.0.jar;E:\moven\localRepository\org\apache\lucene\lucene-memory\8.4.0\lucene-memory-8.4.0.jar;E:\moven\localRepository\org\apache\lucene\lucene-misc\8.4.0\lucene-misc-8.4.0.jar;E:\moven\localRepository\org\apache\lucene\lucene-queries\8.4.0\lucene-queries-8.4.0.jar;E:\moven\localRepository\org\apache\lucene\lucene-queryparser\8.4.0\lucene-queryparser-8.4.0.jar;E:\moven\localRepository\org\apache\lucene\lucene-sandbox\8.4.0\lucene-sandbox-8.4.0.jar;E:\moven\localRepository\org\apache\lucene\lucene-spatial\8.4.0\lucene-spatial-8.4.0.jar;E:\moven\localRepository\org\apache\lucene\lucene-spatial-extras\8.4.0\lucene-spatial-extras-8.4.0.jar;E:\moven\localRepository\org\apache\lucene\lucene-spatial3d\8.4.0\lucene-spatial3d-8.4.0.jar;E:\moven\localRepository\org\apache\lucene\lucene-suggest\8.4.0\lucene-suggest-8.4.0.jar;E:\moven\localRepository\org\elasticsearch\elasticsearch-cli\7.6.2\elasticsearch-cli-7.6.2.jar;E:\moven\localRepository\net\sf\jopt-simple\jopt-simple\5.0.2\jopt-simple-5.0.2.jar;E:\moven\localRepository\com\carrotsearch\hppc\0.8.1\hppc-0.8.1.jar;E:\moven\localRepository\joda-time\joda-time\2.10.4\joda-time-2.10.4.jar;E:\moven\localRepository\com\tdunning\t-digest\3.2\t-digest-3.2.jar;E:\moven\localRepository\org\hdrhistogram\HdrHistogram\2.1.9\HdrHistogram-2.1.9.jar;E:\moven\localRepository\org\elasticsearch\jna\4.5.1\jna-4.5.1.jar;E:\moven\localRepository\org\elasticsearch\client\elasticsearch-rest-client\7.6.2\elasticsearch-rest-client-7.6.2.jar;E:\moven\localRepository\org\apache\httpcomponents\httpclient\4.5.12\httpclient-4.5.12.jar;E:\moven\localRepository\org\apache\httpcomponents\httpcore\4.4.13\httpcore-4.4.13.jar;E:\moven\localRepository\org\apache\httpcomponents\httpasyncclient\4.1.4\httpasyncclient-4.1.4.jar;E:\moven\localRepository\org\apache\httpcomponents\httpcore-nio\4.4.13\httpcore-nio-4.4.13.jar;E:\moven\localRepository\commons-codec\commons-codec\1.14\commons-codec-1.14.jar;E:\moven\localRepository\org\elasticsearch\plugin\mapper-extras-client\7.6.2\mapper-extras-client-7.6.2.jar;E:\moven\localRepository\org\elasticsearch\plugin\parent-join-client\7.6.2\parent-join-client-7.6.2.jar;E:\moven\localRepository\org\elasticsearch\plugin\aggs-matrix-stats-client\7.6.2\aggs-matrix-stats-client-7.6.2.jar;E:\moven\localRepository\org\elasticsearch\plugin\rank-eval-client\7.6.2\rank-eval-client-7.6.2.jar;E:\moven\localRepository\org\elasticsearch\plugin\lang-mustache-client\7.6.2\lang-mustache-client-7.6.2.jar;E:\moven\localRepository\com\github\spullara\mustache\java\compiler\0.9.6\compiler-0.9.6.jar;E:\moven\localRepository\com\fasterxml\jackson\core\jackson-core\2.11.1\jackson-core-2.11.1.jar;E:\moven\localRepository\com\fasterxml\jackson\core\jackson-databind\2.11.1\jackson-databind-2.11.1.jar;E:\moven\localRepository\com\fasterxml\jackson\core\jackson-annotations\2.11.1\jackson-annotations-2.11.1.jar;E:\moven\localRepository\org\slf4j\slf4j-api\1.7.30\slf4j-api-1.7.30.jar;E:\moven\localRepository\net\coobird\thumbnailator\0.4.8\thumbnailator-0.4.8.jar;E:\moven\localRepository\com\alibaba\druid\1.1.23\druid-1.1.23.jar;E:\moven\localRepository\log4j\log4j\1.2.17\log4j-1.2.17.jar;E:\moven\localRepository\org\springframework\boot\spring-boot-starter-amqp\2.3.2.RELEASE\spring-boot-starter-amqp-2.3.2.RELEASE.jar;E:\moven\localRepository\org\springframework\spring-messaging\5.2.8.RELEASE\spring-messaging-5.2.8.RELEASE.jar;E:\moven\localRepository\org\springframework\spring-beans\5.2.8.RELEASE\spring-beans-5.2.8.RELEASE.jar;E:\moven\localRepository\org\springframework\amqp\spring-rabbit\2.2.9.RELEASE\spring-rabbit-2.2.9.RELEASE.jar;E:\moven\localRepository\com\rabbitmq\amqp-client\5.9.0\amqp-client-5.9.0.jar;E:\moven\localRepository\org\springframework\amqp\spring-amqp\2.2.9.RELEASE\spring-amqp-2.2.9.RELEASE.jar;E:\moven\localRepository\org\springframework\retry\spring-retry\1.2.5.RELEASE\spring-retry-1.2.5.RELEASE.jar;E:\moven\localRepository\org\springframework\boot\spring-boot-starter-data-redis\2.3.2.RELEASE\spring-boot-starter-data-redis-2.3.2.RELEASE.jar;E:\moven\localRepository\org\springframework\data\spring-data-redis\2.3.2.RELEASE\spring-data-redis-2.3.2.RELEASE.jar;E:\moven\localRepository\org\springframework\data\spring-data-keyvalue\2.3.2.RELEASE\spring-data-keyvalue-2.3.2.RELEASE.jar;E:\moven\localRepository\org\springframework\spring-oxm\5.2.8.RELEASE\spring-oxm-5.2.8.RELEASE.jar;E:\moven\localRepository\org\springframework\spring-aop\5.2.8.RELEASE\spring-aop-5.2.8.RELEASE.jar;E:\moven\localRepository\io\lettuce\lettuce-core\5.3.2.RELEASE\lettuce-core-5.3.2.RELEASE.jar;E:\moven\localRepository\io\netty\netty-common\4.1.51.Final\netty-common-4.1.51.Final.jar;E:\moven\localRepository\io\netty\netty-handler\4.1.51.Final\netty-handler-4.1.51.Final.jar;E:\moven\localRepository\io\netty\netty-transport\4.1.51.Final\netty-transport-4.1.51.Final.jar;E:\moven\localRepository\io\projectreactor\reactor-core\3.3.8.RELEASE\reactor-core-3.3.8.RELEASE.jar;E:\moven\localRepository\org\reactivestreams\reactive-streams\1.0.3\reactive-streams-1.0.3.jar;E:\moven\localRepository\org\springframework\boot\spring-boot-starter-mail\2.3.2.RELEASE\spring-boot-starter-mail-2.3.2.RELEASE.jar;E:\moven\localRepository\org\springframework\spring-context-support\5.2.8.RELEASE\spring-context-support-5.2.8.RELEASE.jar;E:\moven\localRepository\com\sun\mail\jakarta.mail\1.6.5\jakarta.mail-1.6.5.jar;E:\moven\localRepository\com\sun\activation\jakarta.activation\1.2.2\jakarta.activation-1.2.2.jar;E:\moven\localRepository\org\springframework\boot\spring-boot-starter-web\2.3.2.RELEASE\spring-boot-starter-web-2.3.2.RELEASE.jar;E:\moven\localRepository\org\springframework\boot\spring-boot-starter-json\2.3.2.RELEASE\spring-boot-starter-json-2.3.2.RELEASE.jar;E:\moven\localRepository\com\fasterxml\jackson\datatype\jackson-datatype-jdk8\2.11.1\jackson-datatype-jdk8-2.11.1.jar;E:\moven\localRepository\com\fasterxml\jackson\datatype\jackson-datatype-jsr310\2.11.1\jackson-datatype-jsr310-2.11.1.jar;E:\moven\localRepository\com\fasterxml\jackson\module\jackson-module-parameter-names\2.11.1\jackson-module-parameter-names-2.11.1.jar;E:\moven\localRepository\org\springframework\boot\spring-boot-starter-tomcat\2.3.2.RELEASE\spring-boot-starter-tomcat-2.3.2.RELEASE.jar;E:\moven\localRepository\org\apache\tomcat\embed\tomcat-embed-core\9.0.37\tomcat-embed-core-9.0.37.jar;E:\moven\localRepository\org\glassfish\jakarta.el\3.0.3\jakarta.el-3.0.3.jar;E:\moven\localRepository\org\apache\tomcat\embed\tomcat-embed-websocket\9.0.37\tomcat-embed-websocket-9.0.37.jar;E:\moven\localRepository\org\springframework\spring-web\5.2.8.RELEASE\spring-web-5.2.8.RELEASE.jar;E:\moven\localRepository\org\springframework\spring-webmvc\5.2.8.RELEASE\spring-webmvc-5.2.8.RELEASE.jar;E:\moven\localRepository\org\springframework\spring-expression\5.2.8.RELEASE\spring-expression-5.2.8.RELEASE.jar;E:\moven\localRepository\org\mybatis\spring\boot\mybatis-spring-boot-starter\2.1.3\mybatis-spring-boot-starter-2.1.3.jar;E:\moven\localRepository\org\springframework\boot\spring-boot-starter-jdbc\2.3.2.RELEASE\spring-boot-starter-jdbc-2.3.2.RELEASE.jar;E:\moven\localRepository\com\zaxxer\HikariCP\3.4.5\HikariCP-3.4.5.jar;E:\moven\localRepository\org\springframework\spring-jdbc\5.2.8.RELEASE\spring-jdbc-5.2.8.RELEASE.jar;E:\moven\localRepository\org\mybatis\spring\boot\mybatis-spring-boot-autoconfigure\2.1.3\mybatis-spring-boot-autoconfigure-2.1.3.jar;E:\moven\localRepository\org\mybatis\mybatis\3.5.5\mybatis-3.5.5.jar;E:\moven\localRepository\org\mybatis\mybatis-spring\2.0.5\mybatis-spring-2.0.5.jar;E:\moven\localRepository\com\alibaba\fastjson\1.2.47\fastjson-1.2.47.jar;E:\moven\localRepository\org\projectlombok\lombok\1.18.12\lombok-1.18.12.jar;E:\moven\localRepository\org\springframework\boot\spring-boot-starter-test\2.3.2.RELEASE\spring-boot-starter-test-2.3.2.RELEASE.jar;E:\moven\localRepository\org\springframework\boot\spring-boot-test\2.3.2.RELEASE\spring-boot-test-2.3.2.RELEASE.jar;E:\moven\localRepository\org\springframework\boot\spring-boot-test-autoconfigure\2.3.2.RELEASE\spring-boot-test-autoconfigure-2.3.2.RELEASE.jar;E:\moven\localRepository\com\jayway\jsonpath\json-path\2.4.0\json-path-2.4.0.jar;E:\moven\localRepository\net\minidev\json-smart\2.3\json-smart-2.3.jar;E:\moven\localRepository\net\minidev\accessors-smart\1.2\accessors-smart-1.2.jar;E:\moven\localRepository\org\ow2\asm\asm\5.0.4\asm-5.0.4.jar;E:\moven\localRepository\jakarta\xml\bind\jakarta.xml.bind-api\2.3.3\jakarta.xml.bind-api-2.3.3.jar;E:\moven\localRepository\jakarta\activation\jakarta.activation-api\1.2.2\jakarta.activation-api-1.2.2.jar;E:\moven\localRepository\org\assertj\assertj-core\3.16.1\assertj-core-3.16.1.jar;E:\moven\localRepository\org\hamcrest\hamcrest\2.2\hamcrest-2.2.jar;E:\moven\localRepository\org\junit\jupiter\junit-jupiter\5.6.2\junit-jupiter-5.6.2.jar;E:\moven\localRepository\org\junit\jupiter\junit-jupiter-api\5.6.2\junit-jupiter-api-5.6.2.jar;E:\moven\localRepository\org\apiguardian\apiguardian-api\1.1.0\apiguardian-api-1.1.0.jar;E:\moven\localRepository\org\opentest4j\opentest4j\1.2.0\opentest4j-1.2.0.jar;E:\moven\localRepository\org\junit\platform\junit-platform-commons\1.6.2\junit-platform-commons-1.6.2.jar;E:\moven\localRepository\org\junit\jupiter\junit-jupiter-params\5.6.2\junit-jupiter-params-5.6.2.jar;E:\moven\localRepository\org\junit\jupiter\junit-jupiter-engine\5.6.2\junit-jupiter-engine-5.6.2.jar;E:\moven\localRepository\org\junit\platform\junit-platform-engine\1.6.2\junit-platform-engine-1.6.2.jar;E:\moven\localRepository\org\mockito\mockito-core\3.3.3\mockito-core-3.3.3.jar;E:\moven\localRepository\net\bytebuddy\byte-buddy\1.10.13\byte-buddy-1.10.13.jar;E:\moven\localRepository\net\bytebuddy\byte-buddy-agent\1.10.13\byte-buddy-agent-1.10.13.jar;E:\moven\localRepository\org\objenesis\objenesis\2.6\objenesis-2.6.jar;E:\moven\localRepository\org\mockito\mockito-junit-jupiter\3.3.3\mockito-junit-jupiter-3.3.3.jar;E:\moven\localRepository\org\skyscreamer\jsonassert\1.5.0\jsonassert-1.5.0.jar;E:\moven\localRepository\com\vaadin\external\google\android-json\0.0.20131108.vaadin1\android-json-0.0.20131108.vaadin1.jar;E:\moven\localRepository\org\springframework\spring-core\5.2.8.RELEASE\spring-core-5.2.8.RELEASE.jar;E:\moven\localRepository\org\springframework\spring-jcl\5.2.8.RELEASE\spring-jcl-5.2.8.RELEASE.jar;E:\moven\localRepository\org\springframework\spring-test\5.2.8.RELEASE\spring-test-5.2.8.RELEASE.jar;E:\moven\localRepository\org\xmlunit\xmlunit-core\2.7.0\xmlunit-core-2.7.0.jar;E:\moven\localRepository\org\springframework\amqp\spring-rabbit-test\2.2.9.RELEASE\spring-rabbit-test-2.2.9.RELEASE.jar;E:\moven\localRepository\org\hamcrest\hamcrest-core\2.2\hamcrest-core-2.2.jar;E:\moven\localRepository\org\hamcrest\hamcrest-library\2.2\hamcrest-library-2.2.jar;E:\moven\localRepository\org\springframework\amqp\spring-rabbit-junit\2.2.9.RELEASE\spring-rabbit-junit-2.2.9.RELEASE.jar;E:\moven\localRepository\com\rabbitmq\http-client\3.2.0.RELEASE\http-client-3.2.0.RELEASE.jar;E:\moven\localRepository\mysql\mysql-connector-java\8.0.21\mysql-connector-java-8.0.21.jar;"/>
    <property name="java.vm.vendor" value="Oracle Corporation"/>
    <property name="sun.arch.data.model" value="64"/>
    <property name="user.variant" value=""/>
    <property name="java.vendor.url" value="http://java.oracle.com/"/>
    <property name="user.timezone" value="Asia/Shanghai"/>
    <property name="java.vm.specification.version" value="1.8"/>
    <property name="os.name" value="Windows 10"/>
    <property name="user.country" value="CN"/>
    <property name="sun.java.launcher" value="SUN_STANDARD"/>
    <property name="sun.boot.library.path" value="C:\Program Files\Java\jdk1.8.0_181\jre\bin"/>
    <property name="sun.java.command" value="C:\Users\XiaoBai\AppData\Local\Temp\surefire3610941710665650489\surefirebooter4063578901337012614.jar C:\Users\XiaoBai\AppData\Local\Temp\surefire3610941710665650489 2020-08-30T23-20-30_708-jvmRun1 surefire3911881864714295681tmp surefire_06924630904389012544tmp"/>
    <property name="surefire.test.class.path" value="C:\Users\XiaoBai\Desktop\Web开发\classcommunication\ClassCommunication\target\test-classes;C:\Users\XiaoBai\Desktop\Web开发\classcommunication\ClassCommunication\target\classes;E:\moven\localRepository\org\springframework\boot\spring-boot-starter-data-elasticsearch\2.3.2.RELEASE\spring-boot-starter-data-elasticsearch-2.3.2.RELEASE.jar;E:\moven\localRepository\org\springframework\boot\spring-boot-starter\2.3.2.RELEASE\spring-boot-starter-2.3.2.RELEASE.jar;E:\moven\localRepository\org\springframework\boot\spring-boot\2.3.2.RELEASE\spring-boot-2.3.2.RELEASE.jar;E:\moven\localRepository\org\springframework\boot\spring-boot-autoconfigure\2.3.2.RELEASE\spring-boot-autoconfigure-2.3.2.RELEASE.jar;E:\moven\localRepository\org\springframework\boot\spring-boot-starter-logging\2.3.2.RELEASE\spring-boot-starter-logging-2.3.2.RELEASE.jar;E:\moven\localRepository\ch\qos\logback\logback-classic\1.2.3\logback-classic-1.2.3.jar;E:\moven\localRepository\ch\qos\logback\logback-core\1.2.3\logback-core-1.2.3.jar;E:\moven\localRepository\org\apache\logging\log4j\log4j-to-slf4j\2.13.3\log4j-to-slf4j-2.13.3.jar;E:\moven\localRepository\org\apache\logging\log4j\log4j-api\2.13.3\log4j-api-2.13.3.jar;E:\moven\localRepository\org\slf4j\jul-to-slf4j\1.7.30\jul-to-slf4j-1.7.30.jar;E:\moven\localRepository\jakarta\annotation\jakarta.annotation-api\1.3.5\jakarta.annotation-api-1.3.5.jar;E:\moven\localRepository\org\yaml\snakeyaml\1.26\snakeyaml-1.26.jar;E:\moven\localRepository\org\springframework\data\spring-data-elasticsearch\4.0.2.RELEASE\spring-data-elasticsearch-4.0.2.RELEASE.jar;E:\moven\localRepository\org\springframework\spring-context\5.2.8.RELEASE\spring-context-5.2.8.RELEASE.jar;E:\moven\localRepository\org\springframework\spring-tx\5.2.8.RELEASE\spring-tx-5.2.8.RELEASE.jar;E:\moven\localRepository\org\springframework\data\spring-data-commons\2.3.2.RELEASE\spring-data-commons-2.3.2.RELEASE.jar;E:\moven\localRepository\org\elasticsearch\plugin\transport-netty4-client\7.6.2\transport-netty4-client-7.6.2.jar;E:\moven\localRepository\io\netty\netty-buffer\4.1.51.Final\netty-buffer-4.1.51.Final.jar;E:\moven\localRepository\io\netty\netty-codec\4.1.51.Final\netty-codec-4.1.51.Final.jar;E:\moven\localRepository\io\netty\netty-codec-http\4.1.51.Final\netty-codec-http-4.1.51.Final.jar;E:\moven\localRepository\io\netty\netty-resolver\4.1.51.Final\netty-resolver-4.1.51.Final.jar;E:\moven\localRepository\org\elasticsearch\client\elasticsearch-rest-high-level-client\7.6.2\elasticsearch-rest-high-level-client-7.6.2.jar;E:\moven\localRepository\org\elasticsearch\elasticsearch\7.6.2\elasticsearch-7.6.2.jar;E:\moven\localRepository\org\elasticsearch\elasticsearch-core\7.6.2\elasticsearch-core-7.6.2.jar;E:\moven\localRepository\org\elasticsearch\elasticsearch-secure-sm\7.6.2\elasticsearch-secure-sm-7.6.2.jar;E:\moven\localRepository\org\elasticsearch\elasticsearch-x-content\7.6.2\elasticsearch-x-content-7.6.2.jar;E:\moven\localRepository\com\fasterxml\jackson\dataformat\jackson-dataformat-smile\2.11.1\jackson-dataformat-smile-2.11.1.jar;E:\moven\localRepository\com\fasterxml\jackson\dataformat\jackson-dataformat-yaml\2.11.1\jackson-dataformat-yaml-2.11.1.jar;E:\moven\localRepository\com\fasterxml\jackson\dataformat\jackson-dataformat-cbor\2.11.1\jackson-dataformat-cbor-2.11.1.jar;E:\moven\localRepository\org\elasticsearch\elasticsearch-geo\7.6.2\elasticsearch-geo-7.6.2.jar;E:\moven\localRepository\org\apache\lucene\lucene-core\8.4.0\lucene-core-8.4.0.jar;E:\moven\localRepository\org\apache\lucene\lucene-analyzers-common\8.4.0\lucene-analyzers-common-8.4.0.jar;E:\moven\localRepository\org\apache\lucene\lucene-backward-codecs\8.4.0\lucene-backward-codecs-8.4.0.jar;E:\moven\localRepository\org\apache\lucene\lucene-grouping\8.4.0\lucene-grouping-8.4.0.jar;E:\moven\localRepository\org\apache\lucene\lucene-highlighter\8.4.0\lucene-highlighter-8.4.0.jar;E:\moven\localRepository\org\apache\lucene\lucene-join\8.4.0\lucene-join-8.4.0.jar;E:\moven\localRepository\org\apache\lucene\lucene-memory\8.4.0\lucene-memory-8.4.0.jar;E:\moven\localRepository\org\apache\lucene\lucene-misc\8.4.0\lucene-misc-8.4.0.jar;E:\moven\localRepository\org\apache\lucene\lucene-queries\8.4.0\lucene-queries-8.4.0.jar;E:\moven\localRepository\org\apache\lucene\lucene-queryparser\8.4.0\lucene-queryparser-8.4.0.jar;E:\moven\localRepository\org\apache\lucene\lucene-sandbox\8.4.0\lucene-sandbox-8.4.0.jar;E:\moven\localRepository\org\apache\lucene\lucene-spatial\8.4.0\lucene-spatial-8.4.0.jar;E:\moven\localRepository\org\apache\lucene\lucene-spatial-extras\8.4.0\lucene-spatial-extras-8.4.0.jar;E:\moven\localRepository\org\apache\lucene\lucene-spatial3d\8.4.0\lucene-spatial3d-8.4.0.jar;E:\moven\localRepository\org\apache\lucene\lucene-suggest\8.4.0\lucene-suggest-8.4.0.jar;E:\moven\localRepository\org\elasticsearch\elasticsearch-cli\7.6.2\elasticsearch-cli-7.6.2.jar;E:\moven\localRepository\net\sf\jopt-simple\jopt-simple\5.0.2\jopt-simple-5.0.2.jar;E:\moven\localRepository\com\carrotsearch\hppc\0.8.1\hppc-0.8.1.jar;E:\moven\localRepository\joda-time\joda-time\2.10.4\joda-time-2.10.4.jar;E:\moven\localRepository\com\tdunning\t-digest\3.2\t-digest-3.2.jar;E:\moven\localRepository\org\hdrhistogram\HdrHistogram\2.1.9\HdrHistogram-2.1.9.jar;E:\moven\localRepository\org\elasticsearch\jna\4.5.1\jna-4.5.1.jar;E:\moven\localRepository\org\elasticsearch\client\elasticsearch-rest-client\7.6.2\elasticsearch-rest-client-7.6.2.jar;E:\moven\localRepository\org\apache\httpcomponents\httpclient\4.5.12\httpclient-4.5.12.jar;E:\moven\localRepository\org\apache\httpcomponents\httpcore\4.4.13\httpcore-4.4.13.jar;E:\moven\localRepository\org\apache\httpcomponents\httpasyncclient\4.1.4\httpasyncclient-4.1.4.jar;E:\moven\localRepository\org\apache\httpcomponents\httpcore-nio\4.4.13\httpcore-nio-4.4.13.jar;E:\moven\localRepository\commons-codec\commons-codec\1.14\commons-codec-1.14.jar;E:\moven\localRepository\org\elasticsearch\plugin\mapper-extras-client\7.6.2\mapper-extras-client-7.6.2.jar;E:\moven\localRepository\org\elasticsearch\plugin\parent-join-client\7.6.2\parent-join-client-7.6.2.jar;E:\moven\localRepository\org\elasticsearch\plugin\aggs-matrix-stats-client\7.6.2\aggs-matrix-stats-client-7.6.2.jar;E:\moven\localRepository\org\elasticsearch\plugin\rank-eval-client\7.6.2\rank-eval-client-7.6.2.jar;E:\moven\localRepository\org\elasticsearch\plugin\lang-mustache-client\7.6.2\lang-mustache-client-7.6.2.jar;E:\moven\localRepository\com\github\spullara\mustache\java\compiler\0.9.6\compiler-0.9.6.jar;E:\moven\localRepository\com\fasterxml\jackson\core\jackson-core\2.11.1\jackson-core-2.11.1.jar;E:\moven\localRepository\com\fasterxml\jackson\core\jackson-databind\2.11.1\jackson-databind-2.11.1.jar;E:\moven\localRepository\com\fasterxml\jackson\core\jackson-annotations\2.11.1\jackson-annotations-2.11.1.jar;E:\moven\localRepository\org\slf4j\slf4j-api\1.7.30\slf4j-api-1.7.30.jar;E:\moven\localRepository\net\coobird\thumbnailator\0.4.8\thumbnailator-0.4.8.jar;E:\moven\localRepository\com\alibaba\druid\1.1.23\druid-1.1.23.jar;E:\moven\localRepository\log4j\log4j\1.2.17\log4j-1.2.17.jar;E:\moven\localRepository\org\springframework\boot\spring-boot-starter-amqp\2.3.2.RELEASE\spring-boot-starter-amqp-2.3.2.RELEASE.jar;E:\moven\localRepository\org\springframework\spring-messaging\5.2.8.RELEASE\spring-messaging-5.2.8.RELEASE.jar;E:\moven\localRepository\org\springframework\spring-beans\5.2.8.RELEASE\spring-beans-5.2.8.RELEASE.jar;E:\moven\localRepository\org\springframework\amqp\spring-rabbit\2.2.9.RELEASE\spring-rabbit-2.2.9.RELEASE.jar;E:\moven\localRepository\com\rabbitmq\amqp-client\5.9.0\amqp-client-5.9.0.jar;E:\moven\localRepository\org\springframework\amqp\spring-amqp\2.2.9.RELEASE\spring-amqp-2.2.9.RELEASE.jar;E:\moven\localRepository\org\springframework\retry\spring-retry\1.2.5.RELEASE\spring-retry-1.2.5.RELEASE.jar;E:\moven\localRepository\org\springframework\boot\spring-boot-starter-data-redis\2.3.2.RELEASE\spring-boot-starter-data-redis-2.3.2.RELEASE.jar;E:\moven\localRepository\org\springframework\data\spring-data-redis\2.3.2.RELEASE\spring-data-redis-2.3.2.RELEASE.jar;E:\moven\localRepository\org\springframework\data\spring-data-keyvalue\2.3.2.RELEASE\spring-data-keyvalue-2.3.2.RELEASE.jar;E:\moven\localRepository\org\springframework\spring-oxm\5.2.8.RELEASE\spring-oxm-5.2.8.RELEASE.jar;E:\moven\localRepository\org\springframework\spring-aop\5.2.8.RELEASE\spring-aop-5.2.8.RELEASE.jar;E:\moven\localRepository\io\lettuce\lettuce-core\5.3.2.RELEASE\lettuce-core-5.3.2.RELEASE.jar;E:\moven\localRepository\io\netty\netty-common\4.1.51.Final\netty-common-4.1.51.Final.jar;E:\moven\localRepository\io\netty\netty-handler\4.1.51.Final\netty-handler-4.1.51.Final.jar;E:\moven\localRepository\io\netty\netty-transport\4.1.51.Final\netty-transport-4.1.51.Final.jar;E:\moven\localRepository\io\projectreactor\reactor-core\3.3.8.RELEASE\reactor-core-3.3.8.RELEASE.jar;E:\moven\localRepository\org\reactivestreams\reactive-streams\1.0.3\reactive-streams-1.0.3.jar;E:\moven\localRepository\org\springframework\boot\spring-boot-starter-mail\2.3.2.RELEASE\spring-boot-starter-mail-2.3.2.RELEASE.jar;E:\moven\localRepository\org\springframework\spring-context-support\5.2.8.RELEASE\spring-context-support-5.2.8.RELEASE.jar;E:\moven\localRepository\com\sun\mail\jakarta.mail\1.6.5\jakarta.mail-1.6.5.jar;E:\moven\localRepository\com\sun\activation\jakarta.activation\1.2.2\jakarta.activation-1.2.2.jar;E:\moven\localRepository\org\springframework\boot\spring-boot-starter-web\2.3.2.RELEASE\spring-boot-starter-web-2.3.2.RELEASE.jar;E:\moven\localRepository\org\springframework\boot\spring-boot-starter-json\2.3.2.RELEASE\spring-boot-starter-json-2.3.2.RELEASE.jar;E:\moven\localRepository\com\fasterxml\jackson\datatype\jackson-datatype-jdk8\2.11.1\jackson-datatype-jdk8-2.11.1.jar;E:\moven\localRepository\com\fasterxml\jackson\datatype\jackson-datatype-jsr310\2.11.1\jackson-datatype-jsr310-2.11.1.jar;E:\moven\localRepository\com\fasterxml\jackson\module\jackson-module-parameter-names\2.11.1\jackson-module-parameter-names-2.11.1.jar;E:\moven\localRepository\org\springframework\boot\spring-boot-starter-tomcat\2.3.2.RELEASE\spring-boot-starter-tomcat-2.3.2.RELEASE.jar;E:\moven\localRepository\org\apache\tomcat\embed\tomcat-embed-core\9.0.37\tomcat-embed-core-9.0.37.jar;E:\moven\localRepository\org\glassfish\jakarta.el\3.0.3\jakarta.el-3.0.3.jar;E:\moven\localRepository\org\apache\tomcat\embed\tomcat-embed-websocket\9.0.37\tomcat-embed-websocket-9.0.37.jar;E:\moven\localRepository\org\springframework\spring-web\5.2.8.RELEASE\spring-web-5.2.8.RELEASE.jar;E:\moven\localRepository\org\springframework\spring-webmvc\5.2.8.RELEASE\spring-webmvc-5.2.8.RELEASE.jar;E:\moven\localRepository\org\springframework\spring-expression\5.2.8.RELEASE\spring-expression-5.2.8.RELEASE.jar;E:\moven\localRepository\org\mybatis\spring\boot\mybatis-spring-boot-starter\2.1.3\mybatis-spring-boot-starter-2.1.3.jar;E:\moven\localRepository\org\springframework\boot\spring-boot-starter-jdbc\2.3.2.RELEASE\spring-boot-starter-jdbc-2.3.2.RELEASE.jar;E:\moven\localRepository\com\zaxxer\HikariCP\3.4.5\HikariCP-3.4.5.jar;E:\moven\localRepository\org\springframework\spring-jdbc\5.2.8.RELEASE\spring-jdbc-5.2.8.RELEASE.jar;E:\moven\localRepository\org\mybatis\spring\boot\mybatis-spring-boot-autoconfigure\2.1.3\mybatis-spring-boot-autoconfigure-2.1.3.jar;E:\moven\localRepository\org\mybatis\mybatis\3.5.5\mybatis-3.5.5.jar;E:\moven\localRepository\org\mybatis\mybatis-spring\2.0.5\mybatis-spring-2.0.5.jar;E:\moven\localRepository\com\alibaba\fastjson\1.2.47\fastjson-1.2.47.jar;E:\moven\localRepository\org\projectlombok\lombok\1.18.12\lombok-1.18.12.jar;E:\moven\localRepository\org\springframework\boot\spring-boot-starter-test\2.3.2.RELEASE\spring-boot-starter-test-2.3.2.RELEASE.jar;E:\moven\localRepository\org\springframework\boot\spring-boot-test\2.3.2.RELEASE\spring-boot-test-2.3.2.RELEASE.jar;E:\moven\localRepository\org\springframework\boot\spring-boot-test-autoconfigure\2.3.2.RELEASE\spring-boot-test-autoconfigure-2.3.2.RELEASE.jar;E:\moven\localRepository\com\jayway\jsonpath\json-path\2.4.0\json-path-2.4.0.jar;E:\moven\localRepository\net\minidev\json-smart\2.3\json-smart-2.3.jar;E:\moven\localRepository\net\minidev\accessors-smart\1.2\accessors-smart-1.2.jar;E:\moven\localRepository\org\ow2\asm\asm\5.0.4\asm-5.0.4.jar;E:\moven\localRepository\jakarta\xml\bind\jakarta.xml.bind-api\2.3.3\jakarta.xml.bind-api-2.3.3.jar;E:\moven\localRepository\jakarta\activation\jakarta.activation-api\1.2.2\jakarta.activation-api-1.2.2.jar;E:\moven\localRepository\org\assertj\assertj-core\3.16.1\assertj-core-3.16.1.jar;E:\moven\localRepository\org\hamcrest\hamcrest\2.2\hamcrest-2.2.jar;E:\moven\localRepository\org\junit\jupiter\junit-jupiter\5.6.2\junit-jupiter-5.6.2.jar;E:\moven\localRepository\org\junit\jupiter\junit-jupiter-api\5.6.2\junit-jupiter-api-5.6.2.jar;E:\moven\localRepository\org\apiguardian\apiguardian-api\1.1.0\apiguardian-api-1.1.0.jar;E:\moven\localRepository\org\opentest4j\opentest4j\1.2.0\opentest4j-1.2.0.jar;E:\moven\localRepository\org\junit\platform\junit-platform-commons\1.6.2\junit-platform-commons-1.6.2.jar;E:\moven\localRepository\org\junit\jupiter\junit-jupiter-params\5.6.2\junit-jupiter-params-5.6.2.jar;E:\moven\localRepository\org\junit\jupiter\junit-jupiter-engine\5.6.2\junit-jupiter-engine-5.6.2.jar;E:\moven\localRepository\org\junit\platform\junit-platform-engine\1.6.2\junit-platform-engine-1.6.2.jar;E:\moven\localRepository\org\mockito\mockito-core\3.3.3\mockito-core-3.3.3.jar;E:\moven\localRepository\net\bytebuddy\byte-buddy\1.10.13\byte-buddy-1.10.13.jar;E:\moven\localRepository\net\bytebuddy\byte-buddy-agent\1.10.13\byte-buddy-agent-1.10.13.jar;E:\moven\localRepository\org\objenesis\objenesis\2.6\objenesis-2.6.jar;E:\moven\localRepository\org\mockito\mockito-junit-jupiter\3.3.3\mockito-junit-jupiter-3.3.3.jar;E:\moven\localRepository\org\skyscreamer\jsonassert\1.5.0\jsonassert-1.5.0.jar;E:\moven\localRepository\com\vaadin\external\google\android-json\0.0.20131108.vaadin1\android-json-0.0.20131108.vaadin1.jar;E:\moven\localRepository\org\springframework\spring-core\5.2.8.RELEASE\spring-core-5.2.8.RELEASE.jar;E:\moven\localRepository\org\springframework\spring-jcl\5.2.8.RELEASE\spring-jcl-5.2.8.RELEASE.jar;E:\moven\localRepository\org\springframework\spring-test\5.2.8.RELEASE\spring-test-5.2.8.RELEASE.jar;E:\moven\localRepository\org\xmlunit\xmlunit-core\2.7.0\xmlunit-core-2.7.0.jar;E:\moven\localRepository\org\springframework\amqp\spring-rabbit-test\2.2.9.RELEASE\spring-rabbit-test-2.2.9.RELEASE.jar;E:\moven\localRepository\org\hamcrest\hamcrest-core\2.2\hamcrest-core-2.2.jar;E:\moven\localRepository\org\hamcrest\hamcrest-library\2.2\hamcrest-library-2.2.jar;E:\moven\localRepository\org\springframework\amqp\spring-rabbit-junit\2.2.9.RELEASE\spring-rabbit-junit-2.2.9.RELEASE.jar;E:\moven\localRepository\com\rabbitmq\http-client\3.2.0.RELEASE\http-client-3.2.0.RELEASE.jar;E:\moven\localRepository\mysql\mysql-connector-java\8.0.21\mysql-connector-java-8.0.21.jar;"/>
    <property name="sun.cpu.endian" value="little"/>
    <property name="user.home" value="C:\Users\XiaoBai"/>
    <property name="user.language" value="zh"/>
    <property name="java.specification.vendor" value="Oracle Corporation"/>
    <property name="java.home" value="C:\Program Files\Java\jdk1.8.0_181\jre"/>
    <property name="basedir" value="C:\Users\XiaoBai\Desktop\Web开发\classcommunication\ClassCommunication"/>
    <property name="file.separator" value="\"/>
    <property name="line.separator" value="&#10;"/>
    <property name="java.vm.specification.vendor" value="Oracle Corporation"/>
    <property name="java.specification.name" value="Java Platform API Specification"/>
    <property name="java.awt.graphicsenv" value="sun.awt.Win32GraphicsEnvironment"/>
    <property name="surefire.real.class.path" value="C:\Users\XiaoBai\AppData\Local\Temp\surefire3610941710665650489\surefirebooter4063578901337012614.jar"/>
    <property name="idea.version2020.1.4" value="true"/>
    <property name="sun.boot.class.path" value="C:\Program Files\Java\jdk1.8.0_181\jre\lib\resources.jar;C:\Program Files\Java\jdk1.8.0_181\jre\lib\rt.jar;C:\Program Files\Java\jdk1.8.0_181\jre\lib\sunrsasign.jar;C:\Program Files\Java\jdk1.8.0_181\jre\lib\jsse.jar;C:\Program Files\Java\jdk1.8.0_181\jre\lib\jce.jar;C:\Program Files\Java\jdk1.8.0_181\jre\lib\charsets.jar;C:\Program Files\Java\jdk1.8.0_181\jre\lib\jfr.jar;C:\Program Files\Java\jdk1.8.0_181\jre\classes"/>
    <property name="user.script" value=""/>
    <property name="sun.management.compiler" value="HotSpot 64-Bit Tiered Compilers"/>
    <property name="java.runtime.version" value="1.8.0_181-b13"/>
    <property name="user.name" value="Xiaobai"/>
    <property name="path.separator" value=";"/>
    <property name="os.version" value="10.0"/>
    <property name="java.endorsed.dirs" value="C:\Program Files\Java\jdk1.8.0_181\jre\lib\endorsed"/>
    <property name="java.runtime.name" value="Java(TM) SE Runtime Environment"/>
    <property name="file.encoding" value="GBK"/>
    <property name="java.vm.name" value="Java HotSpot(TM) 64-Bit Server VM"/>
    <property name="localRepository" value="E:\moven\localRepository"/>
    <property name="java.vendor.url.bug" value="http://bugreport.sun.com/bugreport/"/>
    <property name="java.io.tmpdir" value="C:\Users\XiaoBai\AppData\Local\Temp\"/>
    <property name="java.version" value="1.8.0_181"/>
    <property name="user.dir" value="C:\Users\XiaoBai\Desktop\Web开发\classcommunication\ClassCommunication"/>
    <property name="os.arch" value="amd64"/>
    <property name="java.vm.specification.name" value="Java Virtual Machine Specification"/>
    <property name="java.awt.printerjob" value="sun.awt.windows.WPrinterJob"/>
    <property name="sun.os.patch.level" value=""/>
    <property name="java.library.path" value="C:\Program Files\Java\jdk1.8.0_181\jre\bin;C:\Windows\Sun\Java\bin;C:\Windows\system32;C:\Windows;C:\Program Files (x86)\NetSarang\Xshell 6\;C:\Windows\system32;C:\Windows;C:\Windows\System32\Wbem;C:\Windows\System32\WindowsPowerShell\v1.0\;C:\Windows\System32\OpenSSH\;C:\Program Files\Java\jdk1.8.0_181\bin;C:\Windows\System32;C:\Program Files\apache-maven-3.6.3\bin;&quot;C:\Program Files\Java\jdk1.8.0_181\bin;&quot;;E:\moven\apache-maven-3.6.3-bin\apache-maven-3.6.3\bin;C:\Users\XiaoBai\AppData\Local\Programs\Python\Python37\Scripts\;C:\Users\XiaoBai\AppData\Local\Programs\Python\Python37\;C:\Users\XiaoBai\AppData\Local\Microsoft\WindowsApps;;."/>
    <property name="java.vm.info" value="mixed mode"/>
    <property name="java.vendor" value="Oracle Corporation"/>
    <property name="java.vm.version" value="25.181-b13"/>
    <property name="java.ext.dirs" value="C:\Program Files\Java\jdk1.8.0_181\jre\lib\ext;C:\Windows\Sun\Java\lib\ext"/>
    <property name="sun.io.unicode.encoding" value="UnicodeLittle"/>
    <property name="maven.repo.local" value="E:\moven\localRepository"/>
    <property name="java.class.version" value="52.0"/>
  </properties>
  <testcase name="jahsdjs" classname="com.xiaobai.classcommunication.ClasscommunicationApplicationTests" time="3.25"/>
  <testcase name="elssss" classname="com.xiaobai.classcommunication.ClasscommunicationApplicationTests" time="11.125"/>
  <testcase name="test11" classname="com.xiaobai.classcommunication.ClasscommunicationApplicationTests" time="0.078"/>
  <testcase name="test1" classname="com.xiaobai.classcommunication.ClasscommunicationApplicationTests" time="0.579"/>
  <testcase name="contextLoads" classname="com.xiaobai.classcommunication.ClasscommunicationApplicationTests" time="0"/>
</testsuite>